minkernel\crts\ucrt\src\appcrt\stdio\input.cpp(32) : Assertion failed: stream != nullptr
minkernel\crts\ucrt\src\appcrt\stdio\input.cpp(32) : Assertion failed: stream != nullptr
minkernel\crts\ucrt\src\appcrt\stdio\input.cpp(32) : Assertion failed: stream != nullptr
minkernel\crts\ucrt\src\appcrt\stdio\input.cpp(32) : Assertion failed: stream != nullptr

--------------------------------------------------
TXLib соболезнует...

Программа: C:\Users\Алехандро\Desktop\AlexProjects\RingsProject\Debug\RingsProject.exe, файл: C:\Users\Алехандро\Desktop\AlexProjects\RingsProject\RingsProject.cpp, строка: 150, функция: void __cdecl loadImage(const char *,struct HDC__ *&,struct Vector,struct Vector),

Сообщение: ВНЕЗАПНО: Логическая ошибка: Неверно, что "Copyimage".

#1: TXLib [Ver: 00173a, Rev: 171, Date: 2021-06-06 04:32:03 +0400], Instance: 0x003B43C0 (32-bit), Flags: CMdRe0, Thread: 0x45D4 (Main), GetLastError(): 1813 (Указанный тип ресурса в файле образа отсутствует). 

--------------------------------------------------
Стек вызовов:

# 6 0x779CFA29 in C:\Windows\System32\KERNEL32.dll: BaseThreadInitThunk()
# 7 0x77E57A7E in C:\Windows\SYSTEM32\ntdll.dll: RtlGetAppContainerNamedObjectPath()
# 8 0x77E57A4E in C:\Windows\SYSTEM32\ntdll.dll: RtlGetAppContainerNamedObjectPath()

--------------------------------------------------
Developed with:

The Dumb Artist Library (TX Library)
TXLib [Ver: 00173a, Rev: 171, Date: 2021-06-06 04:32:03 +0400]
Copyright (C) Ded (Ilya Dedinsky, http://txlib.ru) <mail@txlib.ru>
See license on: http://txlib.ru

TXLib file:	C:\Users\Алехандро\Desktop\AlexProjects\TX\TXLib.h
Compiled:	Jul 14 2021 11:22:31, MSVS 1927, std=199711L, MSVC Runtime, 32-bit, DEBUG
Started:	Jul 14 2021 11:22:34

Run file:	C:\Users\Алехандро\Desktop\AlexProjects\RingsProject\Debug\RingsProject.exe
Directory:	C:\Users\Алехандро\Desktop\AlexProjects\RingsProject

--------------------------------------------------

--------------------------------------------------
TXLib соболезнует...

Программа: C:\Users\Алехандро\Desktop\AlexProjects\RingsProject\Debug\RingsProject.exe, файл: C:\Users\Алехандро\Desktop\AlexProjects\RingsProject\RingsProject.cpp, строка: 150, функция: void __cdecl loadImage(const char *,struct HDC__ *&,struct Vector,struct Vector),

Сообщение: ВНЕЗАПНО: Логическая ошибка: Неверно, что "Copyimage".

#1: TXLib [Ver: 00173a, Rev: 171, Date: 2021-06-06 04:32:03 +0400], Instance: 0x003B43C0 (32-bit), Flags: CMdRe0, Thread: 0x2B80 (Main), GetLastError(): 1813 (Указанный тип ресурса в файле образа отсутствует). 

--------------------------------------------------
Стек вызовов:

# 6 0x779CFA29 in C:\Windows\System32\KERNEL32.dll: BaseThreadInitThunk()
# 7 0x77E57A7E in C:\Windows\SYSTEM32\ntdll.dll: RtlGetAppContainerNamedObjectPath()
# 8 0x77E57A4E in C:\Windows\SYSTEM32\ntdll.dll: RtlGetAppContainerNamedObjectPath()

--------------------------------------------------
Developed with:

The Dumb Artist Library (TX Library)
TXLib [Ver: 00173a, Rev: 171, Date: 2021-06-06 04:32:03 +0400]
Copyright (C) Ded (Ilya Dedinsky, http://txlib.ru) <mail@txlib.ru>
See license on: http://txlib.ru

TXLib file:	C:\Users\Алехандро\Desktop\AlexProjects\TX\TXLib.h
Compiled:	Jul 14 2021 11:22:31, MSVS 1927, std=199711L, MSVC Runtime, 32-bit, DEBUG
Started:	Jul 14 2021 11:23:47

Run file:	C:\Users\Алехандро\Desktop\AlexProjects\RingsProject\Debug\RingsProject.exe
Directory:	C:\Users\Алехандро\Desktop\AlexProjects\RingsProject

--------------------------------------------------

--------------------------------------------------
TXLib соболезнует...

Программа: C:\Users\Алехандро\Desktop\AlexProjects\RingsProject\Debug\RingsProject.exe, файл: C:\Users\Алехандро\Desktop\AlexProjects\RingsProject\RingsProject.cpp, строка: 150, функция: void __cdecl loadImage(const char *,struct HDC__ *&,struct Vector,struct Vector),

Сообщение: ВНЕЗАПНО: Логическая ошибка: Неверно, что "Copyimage".

#1: TXLib [Ver: 00173a, Rev: 171, Date: 2021-06-06 04:32:03 +0400], Instance: 0x009E43C0 (32-bit), Flags: CMdRe0, Thread: 0x1128 (Main), GetLastError(): 1813 (Указанный тип ресурса в файле образа отсутствует). 

--------------------------------------------------
Стек вызовов:

# 6 0x779CFA29 in C:\Windows\System32\KERNEL32.dll: BaseThreadInitThunk()
# 7 0x77E57A7E in C:\Windows\SYSTEM32\ntdll.dll: RtlGetAppContainerNamedObjectPath()
# 8 0x77E57A4E in C:\Windows\SYSTEM32\ntdll.dll: RtlGetAppContainerNamedObjectPath()

--------------------------------------------------
Developed with:

The Dumb Artist Library (TX Library)
TXLib [Ver: 00173a, Rev: 171, Date: 2021-06-06 04:32:03 +0400]
Copyright (C) Ded (Ilya Dedinsky, http://txlib.ru) <mail@txlib.ru>
See license on: http://txlib.ru

TXLib file:	C:\Users\Алехандро\Desktop\AlexProjects\TX\TXLib.h
Compiled:	Jul 14 2021 11:24:52, MSVS 1927, std=199711L, MSVC Runtime, 32-bit, DEBUG
Started:	Jul 14 2021 11:24:54

Run file:	C:\Users\Алехандро\Desktop\AlexProjects\RingsProject\Debug\RingsProject.exe
Directory:	C:\Users\Алехандро\Desktop\AlexProjects\RingsProject

--------------------------------------------------

--------------------------------------------------
TXLib соболезнует...

Программа: C:\Users\Алехандро\Desktop\AlexProjects\RingsProject\Debug\RingsProject.exe, файл: C:\Users\Алехандро\Desktop\AlexProjects\RingsProject\RingsProject.cpp, строка: 150, функция: void __cdecl loadImage(const char *,struct HDC__ *&,struct Vector,struct Vector),

Сообщение: ВНЕЗАПНО: Логическая ошибка: Неверно, что "Copyimage".

#1: TXLib [Ver: 00173a, Rev: 171, Date: 2021-06-06 04:32:03 +0400], Instance: 0x006743C0 (32-bit), Flags: CMdRe0, Thread: 0x60C0 (Main), GetLastError(): 1813 (Указанный тип ресурса в файле образа отсутствует). 

--------------------------------------------------
Стек вызовов:

# 6 0x779CFA29 in C:\Windows\System32\KERNEL32.dll: BaseThreadInitThunk()
# 7 0x77E57A7E in C:\Windows\SYSTEM32\ntdll.dll: RtlGetAppContainerNamedObjectPath()
# 8 0x77E57A4E in C:\Windows\SYSTEM32\ntdll.dll: RtlGetAppContainerNamedObjectPath()

--------------------------------------------------
Developed with:

The Dumb Artist Library (TX Library)
TXLib [Ver: 00173a, Rev: 171, Date: 2021-06-06 04:32:03 +0400]
Copyright (C) Ded (Ilya Dedinsky, http://txlib.ru) <mail@txlib.ru>
See license on: http://txlib.ru

TXLib file:	C:\Users\Алехандро\Desktop\AlexProjects\TX\TXLib.h
Compiled:	Jul 14 2021 11:25:11, MSVS 1927, std=199711L, MSVC Runtime, 32-bit, DEBUG
Started:	Jul 14 2021 11:25:13

Run file:	C:\Users\Алехандро\Desktop\AlexProjects\RingsProject\Debug\RingsProject.exe
Directory:	C:\Users\Алехандро\Desktop\AlexProjects\RingsProject

--------------------------------------------------

--------------------------------------------------
TXLib соболезнует...

Программа: C:\Users\Алехандро\Desktop\AlexProjects\RingsProject\Debug\RingsProject.exe, файл: C:\Users\Алехандро\Desktop\AlexProjects\RingsProject\RingsProject.cpp, строка: 57, функция: int __cdecl main(void),

Сообщение: ВНЕЗАПНО: Логическая ошибка: Неверно, что "waveOut".

#1: TXLib [Ver: 00173a, Rev: 171, Date: 2021-06-06 04:32:03 +0400], Instance: 0x006303F8 (32-bit), Flags: Cmdre0, Thread: 0x328C (Main). 

--------------------------------------------------
Стек вызовов:

# 5 0x76AAFA29 in C:\Windows\System32\KERNEL32.dll: BaseThreadInitThunk()
# 6 0x776E7A7E in C:\Windows\SYSTEM32\ntdll.dll: RtlGetAppContainerNamedObjectPath()
# 7 0x776E7A4E in C:\Windows\SYSTEM32\ntdll.dll: RtlGetAppContainerNamedObjectPath()

--------------------------------------------------
Developed with:

The Dumb Artist Library (TX Library)
TXLib [Ver: 00173a, Rev: 171, Date: 2021-06-06 04:32:03 +0400]
Copyright (C) Ded (Ilya Dedinsky, http://txlib.ru) <mail@txlib.ru>
See license on: http://txlib.ru

TXLib file:	C:\Users\Алехандро\Desktop\AlexProjects\TX\TXLib.h
Compiled:	Jul 17 2021 14:48:06, MSVS 1927, std=199711L, MSVC Runtime, 32-bit, DEBUG
Started:	Jul 17 2021 14:48:09

Run file:	C:\Users\Алехандро\Desktop\AlexProjects\RingsProject\Debug\RingsProject.exe
Directory:	C:\Users\Алехандро\Desktop\AlexProjects\RingsProject

--------------------------------------------------

--------------------------------------------------
TXLib соболезнует...

Программа: C:\Users\Алехандро\Desktop\AlexProjects\RingsProject\Debug\RingsProject.exe, файл: C:\Users\Алехандро\Desktop\AlexProjects\RingsProject\RingsProject.cpp, строка: 57, функция: int __cdecl main(void),

Сообщение: ВНЕЗАПНО: Логическая ошибка: Неверно, что "waveOut".

#1: TXLib [Ver: 00173a, Rev: 171, Date: 2021-06-06 04:32:03 +0400], Instance: 0x008703F8 (32-bit), Flags: Cmdre0, Thread: 0x5C04 (Main). 

--------------------------------------------------
Стек вызовов:

# 5 0x76AAFA29 in C:\Windows\System32\KERNEL32.dll: BaseThreadInitThunk()
# 6 0x776E7A7E in C:\Windows\SYSTEM32\ntdll.dll: RtlGetAppContainerNamedObjectPath()
# 7 0x776E7A4E in C:\Windows\SYSTEM32\ntdll.dll: RtlGetAppContainerNamedObjectPath()

--------------------------------------------------
Developed with:

The Dumb Artist Library (TX Library)
TXLib [Ver: 00173a, Rev: 171, Date: 2021-06-06 04:32:03 +0400]
Copyright (C) Ded (Ilya Dedinsky, http://txlib.ru) <mail@txlib.ru>
See license on: http://txlib.ru

TXLib file:	C:\Users\Алехандро\Desktop\AlexProjects\TX\TXLib.h
Compiled:	Jul 17 2021 15:12:16, MSVS 1927, std=199711L, MSVC Runtime, 32-bit, DEBUG
Started:	Jul 17 2021 15:12:19

Run file:	C:\Users\Алехандро\Desktop\AlexProjects\RingsProject\Debug\RingsProject.exe
Directory:	C:\Users\Алехандро\Desktop\AlexProjects\RingsProject

--------------------------------------------------

--------------------------------------------------
TXLib соболезнует...

Программа: C:\Users\Алехандро\Desktop\AlexProjects\RingsProject\Debug\RingsProject.exe, файл: C:\Users\Алехандро\Desktop\AlexProjects\RingsProject\RingsProject.cpp, строка: 57, функция: int __cdecl main(void),

Сообщение: ВНЕЗАПНО: Логическая ошибка: Неверно, что "waveOut".

#1: TXLib [Ver: 00173a, Rev: 171, Date: 2021-06-06 04:32:03 +0400], Instance: 0x008703F8 (32-bit), Flags: Cmdre0, Thread: 0x6414 (Main). 

--------------------------------------------------
Стек вызовов:

# 5 0x76AAFA29 in C:\Windows\System32\KERNEL32.dll: BaseThreadInitThunk()
# 6 0x776E7A7E in C:\Windows\SYSTEM32\ntdll.dll: RtlGetAppContainerNamedObjectPath()
# 7 0x776E7A4E in C:\Windows\SYSTEM32\ntdll.dll: RtlGetAppContainerNamedObjectPath()

--------------------------------------------------
Developed with:

The Dumb Artist Library (TX Library)
TXLib [Ver: 00173a, Rev: 171, Date: 2021-06-06 04:32:03 +0400]
Copyright (C) Ded (Ilya Dedinsky, http://txlib.ru) <mail@txlib.ru>
See license on: http://txlib.ru

TXLib file:	C:\Users\Алехандро\Desktop\AlexProjects\TX\TXLib.h
Compiled:	Jul 17 2021 15:12:16, MSVS 1927, std=199711L, MSVC Runtime, 32-bit, DEBUG
Started:	Jul 17 2021 15:13:23

Run file:	C:\Users\Алехандро\Desktop\AlexProjects\RingsProject\Debug\RingsProject.exe
Directory:	C:\Users\Алехандро\Desktop\AlexProjects\RingsProject

--------------------------------------------------

--------------------------------------------------
TXLib соболезнует...

Программа: C:\Users\Алехандро\Desktop\AlexProjects\RingsProject\Debug\RingsProject.exe, файл: C:\Users\Алехандро\Desktop\AlexProjects\RingsProject\RingsProject.cpp, строка: 57, функция: int __cdecl main(void),

Сообщение: ВНЕЗАПНО: Логическая ошибка: Неверно, что "waveOut".

#1: TXLib [Ver: 00173a, Rev: 171, Date: 2021-06-06 04:32:03 +0400], Instance: 0x010803F8 (32-bit), Flags: Cmdre0, Thread: 0x4C24 (Main). 

--------------------------------------------------
Стек вызовов:

# 5 0x76AAFA29 in C:\Windows\System32\KERNEL32.dll: BaseThreadInitThunk()
# 6 0x776E7A7E in C:\Windows\SYSTEM32\ntdll.dll: RtlGetAppContainerNamedObjectPath()
# 7 0x776E7A4E in C:\Windows\SYSTEM32\ntdll.dll: RtlGetAppContainerNamedObjectPath()

--------------------------------------------------
Developed with:

The Dumb Artist Library (TX Library)
TXLib [Ver: 00173a, Rev: 171, Date: 2021-06-06 04:32:03 +0400]
Copyright (C) Ded (Ilya Dedinsky, http://txlib.ru) <mail@txlib.ru>
See license on: http://txlib.ru

TXLib file:	C:\Users\Алехандро\Desktop\AlexProjects\TX\TXLib.h
Compiled:	Jul 17 2021 15:14:17, MSVS 1927, std=199711L, MSVC Runtime, 32-bit, DEBUG
Started:	Jul 17 2021 15:14:20

Run file:	C:\Users\Алехандро\Desktop\AlexProjects\RingsProject\Debug\RingsProject.exe
Directory:	C:\Users\Алехандро\Desktop\AlexProjects\RingsProject

--------------------------------------------------

--------------------------------------------------
TXLib соболезнует...

Программа: C:\Users\Алехандро\Desktop\AlexProjects\RingsProject\Debug\RingsProject.exe, файл: C:\Users\Алехандро\Desktop\AlexProjects\RingsProject\RingsProject.cpp, строка: 57, функция: int __cdecl main(void),

Сообщение: ВНЕЗАПНО: Логическая ошибка: Неверно, что "waveOut".

#1: TXLib [Ver: 00173a, Rev: 171, Date: 2021-06-06 04:32:03 +0400], Instance: 0x002D03F8 (32-bit), Flags: Cmdre0, Thread: 0x2988 (Main). 

--------------------------------------------------
Стек вызовов:

# 5 0x76AAFA29 in C:\Windows\System32\KERNEL32.dll: BaseThreadInitThunk()
# 6 0x776E7A7E in C:\Windows\SYSTEM32\ntdll.dll: RtlGetAppContainerNamedObjectPath()
# 7 0x776E7A4E in C:\Windows\SYSTEM32\ntdll.dll: RtlGetAppContainerNamedObjectPath()

--------------------------------------------------
Developed with:

The Dumb Artist Library (TX Library)
TXLib [Ver: 00173a, Rev: 171, Date: 2021-06-06 04:32:03 +0400]
Copyright (C) Ded (Ilya Dedinsky, http://txlib.ru) <mail@txlib.ru>
See license on: http://txlib.ru

TXLib file:	C:\Users\Алехандро\Desktop\AlexProjects\TX\TXLib.h
Compiled:	Jul 17 2021 15:14:42, MSVS 1927, std=199711L, MSVC Runtime, 32-bit, DEBUG
Started:	Jul 17 2021 15:14:44

Run file:	C:\Users\Алехандро\Desktop\AlexProjects\RingsProject\Debug\RingsProject.exe
Directory:	C:\Users\Алехандро\Desktop\AlexProjects\RingsProject

--------------------------------------------------

--------------------------------------------------
TXLib соболезнует...

Программа: C:\Users\Алехандро\Desktop\AlexProjects\RingsProject\Debug\RingsProject.exe,

ВНЕЗАПНО: signal (8, 0x83): SIGFPE: Грубая ошибка в вычислениях. _FPE_ZERODIVIDE: Деление на ноль. 

С помощью функции signal() вы можете сами обработать эту ошибку.

#1: TXLib [Ver: 00173a, Rev: 171, Date: 2021-06-06 04:32:03 +0400], Instance: 0x002616F4 (32-bit), Flags: CMdRe0, Thread: 0x65A0 (Main). 

--------------------------------------------------
Стек вызовов:

# 1 0x784FEF08 in C:\Windows\SYSTEM32\ucrtbased.dll: seh_filter_exe()
# 3 0x7BC8335E in C:\Windows\SYSTEM32\VCRUNTIME140D.dll: seh_longjmp_unwind4()
# 6 0x76AAFA29 in C:\Windows\System32\KERNEL32.dll: BaseThreadInitThunk()
# 7 0x776E7A7E in C:\Windows\SYSTEM32\ntdll.dll: RtlGetAppContainerNamedObjectPath()
# 8 0x776E7A4E in C:\Windows\SYSTEM32\ntdll.dll: RtlGetAppContainerNamedObjectPath()

--------------------------------------------------
Developed with:

The Dumb Artist Library (TX Library)
TXLib [Ver: 00173a, Rev: 171, Date: 2021-06-06 04:32:03 +0400]
Copyright (C) Ded (Ilya Dedinsky, http://txlib.ru) <mail@txlib.ru>
See license on: http://txlib.ru

TXLib file:	C:\Users\Алехандро\Desktop\AlexProjects\TX\TXLib.h
Compiled:	Jul 17 2021 21:46:49, MSVS 1927, std=199711L, MSVC Runtime, 32-bit, DEBUG
Started:	Jul 17 2021 21:46:53

Run file:	C:\Users\Алехандро\Desktop\AlexProjects\RingsProject\Debug\RingsProject.exe
Directory:	C:\Users\Алехандро\Desktop\AlexProjects\RingsProject

--------------------------------------------------

--------------------------------------------------
TXLib соболезнует...

Программа: C:\Users\Алехандро\Desktop\AlexProjects\RingsProject\Debug\RingsProject.exe, файл: C:\Users\Алехандро\Desktop\AlexProjects\TX\Examples\txWave\Examples\TXWaveExample.cpp, строка: 187, функция: void __cdecl WaveformDemo(void),

Сообщение: ВНЕЗАПНО: Логическая ошибка: Неверно, что "waveOut".

#1: TXLib [Ver: 00173a, Rev: 171, Date: 2021-06-06 04:32:03 +0400], Instance: 0x00C19DD4 (32-bit), Flags: CMdRE0, Thread: 0x4098 (Main). 

--------------------------------------------------
Стек вызовов:

# 6 0x76AAFA29 in C:\Windows\System32\KERNEL32.dll: BaseThreadInitThunk()
# 7 0x776E7A7E in C:\Windows\SYSTEM32\ntdll.dll: RtlGetAppContainerNamedObjectPath()
# 8 0x776E7A4E in C:\Windows\SYSTEM32\ntdll.dll: RtlGetAppContainerNamedObjectPath()

--------------------------------------------------
Developed with:

The Dumb Artist Library (TX Library)
TXLib [Ver: 00173a, Rev: 171, Date: 2021-06-06 04:32:03 +0400]
Copyright (C) Ded (Ilya Dedinsky, http://txlib.ru) <mail@txlib.ru>
See license on: http://txlib.ru

TXLib file:	C:\Users\Алехандро\Desktop\AlexProjects\TX\TXLib.h
Compiled:	Jul 18 2021 11:38:46, MSVS 1927, std=199711L, MSVC Runtime, 32-bit, DEBUG
Started:	Jul 18 2021 11:39:35

Run file:	C:\Users\Алехандро\Desktop\AlexProjects\RingsProject\Debug\RingsProject.exe
Directory:	C:\Users\Алехандро\Desktop\AlexProjects\RingsProject

--------------------------------------------------

--------------------------------------------------
TXLib сообщает:

Программа: C:\Users\Алехандро\Desktop\AlexProjects\GRAPHICAPP\Debug\RingsProject.exe, файл: C:\Users\Алехандро\Desktop\AlexProjects\TX\TXLib.h, строка: 13620, функция: bool __cdecl `anonymous-namespace'::TX::txBitBlt(struct HDC__ *,double,double,double,double,struct HDC__ *,double,double,unsigned int),

Сообщение: Параметр "sourceImage" неверен. Возможно, этот холст не создан, или уже уничтожен, или не загрузилась картинка.

#1: TXLib [Ver: 00173a, Rev: 171, Date: 2021-06-06 04:32:03 +0400], Instance: 0x004124BC (32-bit), Flags: CMdRe0, Thread: 0x7EB4 (Main), GetLastError(): 13 (Недопустимые данные). 

--------------------------------------------------
Стек вызовов:

# 9 0x77A4FA29 in C:\Windows\System32\KERNEL32.dll: BaseThreadInitThunk()
#10 0x77B97A7E in C:\Windows\SYSTEM32\ntdll.dll: RtlGetAppContainerNamedObjectPath()
#11 0x77B97A4E in C:\Windows\SYSTEM32\ntdll.dll: RtlGetAppContainerNamedObjectPath()

--------------------------------------------------
Стек вызовов TX:

# 0 in bool __cdecl `anonymous-namespace'::TX::txBitBlt(struct HDC__ *,double,double,double,double,struct HDC__ *,double,double,unsigned int) at C:\Users\Алехандро\Desktop\AlexProjects\TX\TXLib.h (13620):

  13618:     {
  13619: $1  if (_TX_HDC_FAILED (destImage))   return false;
=>13620: $   if (_TX_HDC_FAILED (sourceImage)) return false;
  13621: 
  13622: $   POINT size = txGetExtent (sourceImage);

# 1 in bool __cdecl `anonymous-namespace'::TX::txBitBlt(double,double,struct HDC__ *,double,double) at C:\Users\Алехандро\Desktop\AlexProjects\TX\TXLib.h (13636):

  13634: $1  if (_TX_TXWINDOW_FAILED()) return false;
  13635: 
=>13636: $   return txBitBlt (txDC(), xDest, yDest, 0, 0, sourceImage, xSource, ySource);
  13637:     }
  13638: 

# 2 in (null) at C:\Users\Алехандро\Desktop\AlexProjects\GRAPHICAPP\PowerPoint.cpp (126):

    124: void drawCanvas (const Window &window)
    125: {
=>  126: 	txBitBlt (window.rect.pos.x, window.rect.pos.y, window.canvas);
    127: }
    128: 

--------------------------------------------------
Developed with:

The Dumb Artist Library (TX Library)
TXLib [Ver: 00173a, Rev: 171, Date: 2021-06-06 04:32:03 +0400]
Copyright (C) Ded (Ilya Dedinsky, http://txlib.ru) <mail@txlib.ru>
See license on: http://txlib.ru

TXLib file:	C:\Users\Алехандро\Desktop\AlexProjects\TX\TXLib.h
Compiled:	Aug  7 2021 11:56:21, MSVS 1927, std=199711L, MSVC Runtime, 32-bit, DEBUG
Started:	Aug  7 2021 11:56:24

Run file:	C:\Users\Алехандро\Desktop\AlexProjects\GRAPHICAPP\Debug\RingsProject.exe
Directory:	C:\Users\Алехандро\Desktop\AlexProjects\GRAPHICAPP

--------------------------------------------------

--------------------------------------------------
TXLib соболезнует...

Программа: C:\Users\Алехандро\Desktop\AlexProjects\GRAPHICAPP\Debug\RingsProject.exe,

ВНЕЗАПНО: signal (11, 0x00): SIGSEGV: Доступ по неверному указателю. Ставьте ассерты! 

С помощью функции signal() вы можете сами обработать эту ошибку.

#1: TXLib [Ver: 00173a, Rev: 171, Date: 2021-06-06 04:32:03 +0400], Instance: 0x008C34BC (32-bit), Flags: CMdRe0, Thread: 0x80F4 (Main). 

--------------------------------------------------
Стек вызовов:

# 1 0x7A2FEF39 in C:\Windows\SYSTEM32\ucrtbased.dll: seh_filter_exe()
# 3 0x745B335E in C:\Windows\SYSTEM32\VCRUNTIME140D.dll: seh_longjmp_unwind4()
# 6 0x7547FA29 in C:\Windows\System32\KERNEL32.dll: BaseThreadInitThunk()
# 7 0x77207A7E in C:\Windows\SYSTEM32\ntdll.dll: RtlGetAppContainerNamedObjectPath()
# 8 0x77207A4E in C:\Windows\SYSTEM32\ntdll.dll: RtlGetAppContainerNamedObjectPath()

--------------------------------------------------
Developed with:

The Dumb Artist Library (TX Library)
TXLib [Ver: 00173a, Rev: 171, Date: 2021-06-06 04:32:03 +0400]
Copyright (C) Ded (Ilya Dedinsky, http://txlib.ru) <mail@txlib.ru>
See license on: http://txlib.ru

TXLib file:	C:\Users\Алехандро\Desktop\AlexProjects\TX\TXLib.h
Compiled:	Aug 20 2021 14:45:36, MSVS 1927, std=199711L, MSVC Runtime, 32-bit, DEBUG
Started:	Aug 20 2021 14:45:40

Run file:	C:\Users\Алехандро\Desktop\AlexProjects\GRAPHICAPP\Debug\RingsProject.exe
Directory:	C:\Users\Алехандро\Desktop\AlexProjects\GRAPHICAPP

--------------------------------------------------

--------------------------------------------------
TXLib соболезнует...

Программа: C:\Users\Алехандро\Desktop\AlexProjects\GRAPHICAPP\Debug\RingsProject.exe,

ВНЕЗАПНО: signal (11, 0x00): SIGSEGV: Доступ по неверному указателю. Ставьте ассерты! 

С помощью функции signal() вы можете сами обработать эту ошибку.

#1: TXLib [Ver: 00173a, Rev: 171, Date: 2021-06-06 04:32:03 +0400], Instance: 0x00FD34BC (32-bit), Flags: CMdRe0, Thread: 0x928 (Main). 

--------------------------------------------------
Стек вызовов:

# 1 0x7A2FEF39 in C:\Windows\SYSTEM32\ucrtbased.dll: seh_filter_exe()
# 3 0x7459335E in C:\Windows\SYSTEM32\VCRUNTIME140D.dll: seh_longjmp_unwind4()
# 6 0x7547FA29 in C:\Windows\System32\KERNEL32.dll: BaseThreadInitThunk()
# 7 0x77207A7E in C:\Windows\SYSTEM32\ntdll.dll: RtlGetAppContainerNamedObjectPath()
# 8 0x77207A4E in C:\Windows\SYSTEM32\ntdll.dll: RtlGetAppContainerNamedObjectPath()

--------------------------------------------------
Developed with:

The Dumb Artist Library (TX Library)
TXLib [Ver: 00173a, Rev: 171, Date: 2021-06-06 04:32:03 +0400]
Copyright (C) Ded (Ilya Dedinsky, http://txlib.ru) <mail@txlib.ru>
See license on: http://txlib.ru

TXLib file:	C:\Users\Алехандро\Desktop\AlexProjects\TX\TXLib.h
Compiled:	Aug 20 2021 14:47:11, MSVS 1927, std=199711L, MSVC Runtime, 32-bit, DEBUG
Started:	Aug 20 2021 14:47:14

Run file:	C:\Users\Алехандро\Desktop\AlexProjects\GRAPHICAPP\Debug\RingsProject.exe
Directory:	C:\Users\Алехандро\Desktop\AlexProjects\GRAPHICAPP

--------------------------------------------------

--------------------------------------------------
TXLib соболезнует...

Программа: C:\Users\Алехандро\Desktop\AlexProjects\GRAPHICAPP\Debug\RingsProject.exe,

ВНЕЗАПНО: signal (11, 0x00): SIGSEGV: Доступ по неверному указателю. Ставьте ассерты! 

С помощью функции signal() вы можете сами обработать эту ошибку.

#1: TXLib [Ver: 00173a, Rev: 171, Date: 2021-06-06 04:32:03 +0400], Instance: 0x00927674 (32-bit), Flags: CMdRe0, Thread: 0x247C (Main). 

--------------------------------------------------
Стек вызовов:

# 1 0x7900EF39 in C:\Windows\SYSTEM32\ucrtbased.dll: seh_filter_exe()
# 3 0x78BF335E in C:\Windows\SYSTEM32\VCRUNTIME140D.dll: seh_longjmp_unwind4()
# 6 0x7680FA29 in C:\Windows\System32\KERNEL32.dll: BaseThreadInitThunk()
# 7 0x77B17A7E in C:\Windows\SYSTEM32\ntdll.dll: RtlGetAppContainerNamedObjectPath()
# 8 0x77B17A4E in C:\Windows\SYSTEM32\ntdll.dll: RtlGetAppContainerNamedObjectPath()

--------------------------------------------------
Developed with:

The Dumb Artist Library (TX Library)
TXLib [Ver: 00173a, Rev: 171, Date: 2021-06-06 04:32:03 +0400]
Copyright (C) Ded (Ilya Dedinsky, http://txlib.ru) <mail@txlib.ru>
See license on: http://txlib.ru

TXLib file:	C:\Users\Алехандро\Desktop\AlexProjects\TX\TXLib.h
Compiled:	Aug 22 2021 12:55:14, MSVS 1927, std=199711L, MSVC Runtime, 32-bit, DEBUG
Started:	Aug 22 2021 12:55:17

Run file:	C:\Users\Алехандро\Desktop\AlexProjects\GRAPHICAPP\Debug\RingsProject.exe
Directory:	C:\Users\Алехандро\Desktop\AlexProjects\GRAPHICAPP

--------------------------------------------------

--------------------------------------------------
TXLib соболезнует...

Программа: C:\Users\Алехандро\Desktop\AlexProjects\GRAPHICAPP\Debug\RingsProject.exe,

ВНЕЗАПНО: signal (11, 0x00): SIGSEGV: Доступ по неверному указателю. Ставьте ассерты! 

С помощью функции signal() вы можете сами обработать эту ошибку.

#1: TXLib [Ver: 00173a, Rev: 171, Date: 2021-06-06 04:32:03 +0400], Instance: 0x00227674 (32-bit), Flags: CMdRe0, Thread: 0x66B8 (Main). 

--------------------------------------------------
Стек вызовов:

# 1 0x7924EF39 in C:\Windows\SYSTEM32\ucrtbased.dll: seh_filter_exe()
# 3 0x7919335E in C:\Windows\SYSTEM32\VCRUNTIME140D.dll: seh_longjmp_unwind4()
# 6 0x7680FA29 in C:\Windows\System32\KERNEL32.dll: BaseThreadInitThunk()
# 7 0x77B17A7E in C:\Windows\SYSTEM32\ntdll.dll: RtlGetAppContainerNamedObjectPath()
# 8 0x77B17A4E in C:\Windows\SYSTEM32\ntdll.dll: RtlGetAppContainerNamedObjectPath()

--------------------------------------------------
Developed with:

The Dumb Artist Library (TX Library)
TXLib [Ver: 00173a, Rev: 171, Date: 2021-06-06 04:32:03 +0400]
Copyright (C) Ded (Ilya Dedinsky, http://txlib.ru) <mail@txlib.ru>
See license on: http://txlib.ru

TXLib file:	C:\Users\Алехандро\Desktop\AlexProjects\TX\TXLib.h
Compiled:	Aug 22 2021 12:55:14, MSVS 1927, std=199711L, MSVC Runtime, 32-bit, DEBUG
Started:	Aug 23 2021 00:03:33

Run file:	C:\Users\Алехандро\Desktop\AlexProjects\GRAPHICAPP\Debug\RingsProject.exe
Directory:	C:\Users\Алехандро\Desktop\AlexProjects\GRAPHICAPP

--------------------------------------------------
