  PowerPoint.cpp
C:\Users\Алехандро\Desktop\AlexProjects\GRAPHICAPP\PowerPoint.cpp(196,93): warning C4100: '_text': unreferenced formal parameter
C:\Users\Алехандро\Desktop\AlexProjects\GRAPHICAPP\PowerPoint.cpp(225,91): warning C4100: '_text': unreferenced formal parameter
C:\Users\Алехандро\Desktop\AlexProjects\GRAPHICAPP\PowerPoint.cpp(569,10): warning C4189: 'xCoordinat': local variable is initialized but not referenced
C:\Users\Алехандро\Desktop\AlexProjects\GRAPHICAPP\PowerPoint.cpp(584,15): warning C4189: 'cleanButton': local variable is initialized but not referenced
C:\Users\Алехандро\Desktop\AlexProjects\GRAPHICAPP\PowerPoint.cpp(575,10): warning C4189: 'yCoordinat': local variable is initialized but not referenced
C:\Users\Алехандро\Desktop\AlexProjects\GRAPHICAPP\PowerPoint.cpp(591,20): warning C4189: 'brightnessButton': local variable is initialized but not referenced
C:\Users\Алехандро\Desktop\AlexProjects\GRAPHICAPP\PowerPoint.cpp(675,9): warning C4244: 'initializing': conversion from 'double' to 'int', possible loss of data
C:\Users\Алехандро\Desktop\AlexProjects\GRAPHICAPP\PowerPoint.cpp(676,9): warning C4244: 'initializing': conversion from 'double' to 'int', possible loss of data
C:\Users\Алехандро\Desktop\AlexProjects\GRAPHICAPP\PowerPoint.cpp(714,2): warning C4244: 'argument': conversion from 'double' to 'int', possible loss of data
C:\Users\Алехандро\Desktop\AlexProjects\GRAPHICAPP\PowerPoint.cpp(722,9): warning C4244: 'initializing': conversion from 'double' to 'int', possible loss of data
C:\Users\Алехандро\Desktop\AlexProjects\GRAPHICAPP\PowerPoint.cpp(723,9): warning C4244: 'initializing': conversion from 'double' to 'int', possible loss of data
C:\Users\Алехандро\Desktop\AlexProjects\GRAPHICAPP\PowerPoint.cpp(724,22): warning C4838: conversion from 'int' to 'double' requires a narrowing conversion
C:\Users\Алехандро\Desktop\AlexProjects\GRAPHICAPP\PowerPoint.cpp(724,26): warning C4838: conversion from 'int' to 'double' requires a narrowing conversion
C:\Users\Алехандро\Desktop\AlexProjects\GRAPHICAPP\PowerPoint.cpp(781,9): warning C4244: 'initializing': conversion from 'double' to 'int', possible loss of data
C:\Users\Алехандро\Desktop\AlexProjects\GRAPHICAPP\PowerPoint.cpp(782,9): warning C4244: 'initializing': conversion from 'double' to 'int', possible loss of data
C:\Users\Алехандро\Desktop\AlexProjects\GRAPHICAPP\PowerPoint.cpp(783,22): warning C4838: conversion from 'int' to 'double' requires a narrowing conversion
C:\Users\Алехандро\Desktop\AlexProjects\GRAPHICAPP\PowerPoint.cpp(783,26): warning C4838: conversion from 'int' to 'double' requires a narrowing conversion
C:\Users\Алехандро\Desktop\AlexProjects\GRAPHICAPP\PowerPoint.cpp(790,13): warning C4244: '=': conversion from 'double' to 'int', possible loss of data
C:\Users\Алехандро\Desktop\AlexProjects\GRAPHICAPP\PowerPoint.cpp(823,23): warning C4018: '<': signed/unsigned mismatch
C:\Users\Алехандро\Desktop\AlexProjects\GRAPHICAPP\PowerPoint.cpp(850,22): warning C4244: 'initializing': conversion from 'double' to 'int', possible loss of data
C:\Users\Алехандро\Desktop\AlexProjects\GRAPHICAPP\PowerPoint.cpp(852,16): warning C4244: 'argument': conversion from 'double' to 'int', possible loss of data
C:\Users\Алехандро\Desktop\AlexProjects\GRAPHICAPP\PowerPoint.cpp(863,9): warning C4244: 'initializing': conversion from 'double' to 'int', possible loss of data
C:\Users\Алехандро\Desktop\AlexProjects\GRAPHICAPP\PowerPoint.cpp(864,9): warning C4244: 'initializing': conversion from 'double' to 'int', possible loss of data
C:\Users\Алехандро\Desktop\AlexProjects\GRAPHICAPP\PowerPoint.cpp(915,23): warning C4244: 'initializing': conversion from 'double' to 'int', possible loss of data
C:\Users\Алехандро\Desktop\AlexProjects\GRAPHICAPP\PowerPoint.cpp(919,17): warning C4244: 'argument': conversion from 'double' to 'int', possible loss of data
C:\Users\Алехандро\Desktop\AlexProjects\GRAPHICAPP\PowerPoint.cpp(914,8): warning C4189: 'changeTextLen': local variable is initialized but not referenced
C:\Users\Алехандро\Desktop\AlexProjects\GRAPHICAPP\PowerPoint.cpp(1058,9): warning C4244: 'initializing': conversion from 'double' to 'int', possible loss of data
C:\Users\Алехандро\Desktop\AlexProjects\GRAPHICAPP\PowerPoint.cpp(1059,9): warning C4244: 'initializing': conversion from 'double' to 'int', possible loss of data
C:\Users\Алехандро\Desktop\AlexProjects\GRAPHICAPP\PowerPoint.cpp(1140,7): warning C4189: 'deleteChar': local variable is initialized but not referenced
C:\Users\Алехандро\Desktop\AlexProjects\GRAPHICAPP\PowerPoint.cpp(1139,7): warning C4189: 'isShifted': local variable is initialized but not referenced
C:\Users\Алехандро\Desktop\AlexProjects\GRAPHICAPP\PowerPoint.cpp(1215,50): warning C4244: '+=': conversion from 'double' to 'int', possible loss of data
C:\Users\Алехандро\Desktop\AlexProjects\GRAPHICAPP\PowerPoint.cpp(1231,31): warning C4244: '=': conversion from 'int' to 'char', possible loss of data
C:\Users\Алехандро\Desktop\AlexProjects\GRAPHICAPP\PowerPoint.cpp(1283,7): warning C4189: 'copyChar': local variable is initialized but not referenced
C:\Users\Алехандро\Desktop\AlexProjects\GRAPHICAPP\PowerPoint.cpp(1365,12): warning C4244: 'initializing': conversion from 'time_t' to 'int', possible loss of data
C:\Users\Алехандро\Desktop\AlexProjects\GRAPHICAPP\PowerPoint.cpp(1366,14): warning C4244: 'initializing': conversion from 'time_t' to 'int', possible loss of data
C:\Users\Алехандро\Desktop\AlexProjects\GRAPHICAPP\PowerPoint.cpp(1367,14): warning C4244: 'initializing': conversion from 'time_t' to 'int', possible loss of data
C:\Users\Алехандро\Desktop\AlexProjects\GRAPHICAPP\PowerPoint.cpp(1468,9): warning C4244: 'initializing': conversion from 'double' to 'int', possible loss of data
C:\Users\Алехандро\Desktop\AlexProjects\GRAPHICAPP\PowerPoint.cpp(1469,9): warning C4244: 'initializing': conversion from 'double' to 'int', possible loss of data
C:\Users\Алехандро\Desktop\AlexProjects\GRAPHICAPP\PowerPoint.cpp(1594,10): warning C4244: 'initializing': conversion from 'double' to 'int', possible loss of data
C:\Users\Алехандро\Desktop\AlexProjects\GRAPHICAPP\PowerPoint.cpp(1595,10): warning C4244: 'initializing': conversion from 'double' to 'int', possible loss of data
  RingsProject.vcxproj -> C:\Users\Алехандро\Desktop\AlexProjects\GRAPHICAPP\Debug\RingsProject.exe
