  PowerPoint.cpp
C:\Users\quqve\OneDrive\Рабочий стол\Progs\GRAPHICAPP\Q_Rect.h(61,50): warning C4554: "^": проверьте приоритет операторов на ошибки; для уточнения приоритета используйте скобки
C:\Users\quqve\OneDrive\Рабочий стол\Progs\GRAPHICAPP\Q_Rect.h(63,54): warning C4554: "^": проверьте приоритет операторов на ошибки; для уточнения приоритета используйте скобки
C:\Users\quqve\OneDrive\Рабочий стол\Progs\GRAPHICAPP\Tool.h(83,45): warning C4100: dc: неиспользованный формальный параметр
C:\Users\quqve\OneDrive\Рабочий стол\Progs\GRAPHICAPP\Tool.h(83,32): warning C4100: toollay: неиспользованный формальный параметр
C:\Users\quqve\OneDrive\Рабочий стол\Progs\GRAPHICAPP\DrawBibliothek.h(122,31): warning C4100: mp: неиспользованный формальный параметр
C:\Users\quqve\OneDrive\Рабочий стол\Progs\GRAPHICAPP\DrawBibliothek.cpp(18,12): warning C4244: инициализация: преобразование "double" в "int", возможна потеря данных
C:\Users\quqve\OneDrive\Рабочий стол\Progs\GRAPHICAPP\DrawBibliothek.cpp(19,12): warning C4244: инициализация: преобразование "double" в "int", возможна потеря данных
C:\Users\quqve\OneDrive\Рабочий стол\Progs\GRAPHICAPP\DrawBibliothek.cpp(57,2): warning C4244: аргумент: преобразование "double" в "int", возможна потеря данных
C:\Users\quqve\OneDrive\Рабочий стол\Progs\GRAPHICAPP\DrawBibliothek.cpp(80,47): warning C4100: text: неиспользованный формальный параметр
C:\Users\quqve\OneDrive\Рабочий стол\Progs\GRAPHICAPP\DrawBibliothek.cpp(80,29): warning C4100: info: неиспользованный формальный параметр
C:\Users\quqve\OneDrive\Рабочий стол\Progs\GRAPHICAPP\DrawBibliothek.cpp(123,10): warning C4551: в вызове функции отсутствует список аргументов
C:\Users\quqve\OneDrive\Рабочий стол\Progs\GRAPHICAPP\DrawBibliothek.cpp(248,23): warning C4100: info: неиспользованный формальный параметр
C:\Users\quqve\OneDrive\Рабочий стол\Progs\GRAPHICAPP\DrawBibliothek.cpp(289,20): warning C4244: =: преобразование "unsigned int" в "BYTE", возможна потеря данных
C:\Users\quqve\OneDrive\Рабочий стол\Progs\GRAPHICAPP\DrawBibliothek.cpp(290,22): warning C4244: =: преобразование "unsigned int" в "BYTE", возможна потеря данных
C:\Users\quqve\OneDrive\Рабочий стол\Progs\GRAPHICAPP\DrawBibliothek.cpp(291,21): warning C4244: =: преобразование "unsigned int" в "BYTE", возможна потеря данных
C:\Users\quqve\OneDrive\Рабочий стол\Progs\GRAPHICAPP\DrawBibliothek.cpp(297,20): warning C4244: =: преобразование "unsigned int" в "BYTE", возможна потеря данных
C:\Users\quqve\OneDrive\Рабочий стол\Progs\GRAPHICAPP\DrawBibliothek.cpp(298,22): warning C4244: =: преобразование "unsigned int" в "BYTE", возможна потеря данных
C:\Users\quqve\OneDrive\Рабочий стол\Progs\GRAPHICAPP\DrawBibliothek.cpp(299,21): warning C4244: =: преобразование "unsigned int" в "BYTE", возможна потеря данных
C:\Users\quqve\OneDrive\Рабочий стол\Progs\GRAPHICAPP\DrawBibliothek.cpp(334,29): warning C4244: =: преобразование "unsigned int" в "BYTE", возможна потеря данных
C:\Users\quqve\OneDrive\Рабочий стол\Progs\GRAPHICAPP\DrawBibliothek.cpp(335,31): warning C4244: =: преобразование "unsigned int" в "BYTE", возможна потеря данных
C:\Users\quqve\OneDrive\Рабочий стол\Progs\GRAPHICAPP\DrawBibliothek.cpp(336,30): warning C4244: =: преобразование "unsigned int" в "BYTE", возможна потеря данных
C:\Users\quqve\OneDrive\Рабочий стол\Progs\GRAPHICAPP\DrawBibliothek.cpp(352,10): warning C4244: инициализация: преобразование "double" в "int", возможна потеря данных
C:\Users\quqve\OneDrive\Рабочий стол\Progs\GRAPHICAPP\DrawBibliothek.cpp(353,10): warning C4244: инициализация: преобразование "double" в "int", возможна потеря данных
C:\Users\quqve\OneDrive\Рабочий стол\Progs\GRAPHICAPP\DrawBibliothek.cpp(360,16): warning C4244: аргумент: преобразование "double" в "int", возможна потеря данных
C:\Users\quqve\OneDrive\Рабочий стол\Progs\GRAPHICAPP\DrawBibliothek.cpp(360,9): warning C4244: аргумент: преобразование "double" в "int", возможна потеря данных
C:\Users\quqve\OneDrive\Рабочий стол\Progs\GRAPHICAPP\DrawBibliothek.cpp(462,22): warning C4458: объявление "mousePos" скрывает член класса
C:\Users\quqve\OneDrive\Рабочий стол\Progs\GRAPHICAPP\DrawBibliothek.h(84,12): message : см. объявление "Window::mousePos"
C:\Users\quqve\OneDrive\Рабочий стол\Progs\GRAPHICAPP\DrawBibliothek.cpp(462,42): warning C4838: Преобразование из "double" в "LONG" требует сужающего преобразования.
C:\Users\quqve\OneDrive\Рабочий стол\Progs\GRAPHICAPP\DrawBibliothek.cpp(462,42): warning C4244: инициализация: преобразование "double" в "LONG", возможна потеря данных
C:\Users\quqve\OneDrive\Рабочий стол\Progs\GRAPHICAPP\DrawBibliothek.cpp(462,107): warning C4838: Преобразование из "double" в "LONG" требует сужающего преобразования.
C:\Users\quqve\OneDrive\Рабочий стол\Progs\GRAPHICAPP\DrawBibliothek.cpp(462,107): warning C4244: инициализация: преобразование "double" в "LONG", возможна потеря данных
C:\Users\quqve\OneDrive\Рабочий стол\Progs\GRAPHICAPP\DrawBibliothek.cpp(491,31): warning C4838: Преобразование из "double" в "LONG" требует сужающего преобразования.
C:\Users\quqve\OneDrive\Рабочий стол\Progs\GRAPHICAPP\DrawBibliothek.cpp(491,31): warning C4244: инициализация: преобразование "double" в "LONG", возможна потеря данных
C:\Users\quqve\OneDrive\Рабочий стол\Progs\GRAPHICAPP\DrawBibliothek.cpp(491,51): warning C4838: Преобразование из "double" в "LONG" требует сужающего преобразования.
C:\Users\quqve\OneDrive\Рабочий стол\Progs\GRAPHICAPP\DrawBibliothek.cpp(491,51): warning C4244: инициализация: преобразование "double" в "LONG", возможна потеря данных
C:\Users\quqve\OneDrive\Рабочий стол\Progs\GRAPHICAPP\CurvesFilter.h(104,19): warning C4244: инициализация: преобразование "double" в "int", возможна потеря данных
C:\Users\quqve\OneDrive\Рабочий стол\Progs\GRAPHICAPP\CurvesFilter.h(117,120): warning C4244: =: преобразование "double" в "int", возможна потеря данных
C:\Users\quqve\OneDrive\Рабочий стол\Progs\GRAPHICAPP\CurvesFilter.h(124,46): warning C4244: =: преобразование "int" в "BYTE", возможна потеря данных
C:\Users\quqve\OneDrive\Рабочий стол\Progs\GRAPHICAPP\CurvesFilter.h(125,50): warning C4244: =: преобразование "int" в "BYTE", возможна потеря данных
C:\Users\quqve\OneDrive\Рабочий стол\Progs\GRAPHICAPP\CurvesFilter.h(126,48): warning C4244: =: преобразование "int" в "BYTE", возможна потеря данных
C:\Users\quqve\OneDrive\Рабочий стол\Progs\GRAPHICAPP\Slider.cpp(87,9): warning C4244: инициализация: преобразование "double" в "int", возможна потеря данных
C:\Users\quqve\OneDrive\Рабочий стол\Progs\GRAPHICAPP\Slider.cpp(88,9): warning C4244: инициализация: преобразование "double" в "int", возможна потеря данных
C:\Users\quqve\OneDrive\Рабочий стол\Progs\GRAPHICAPP\Slider.cpp(88,6): warning C4189: my: локальная переменная инициализирована, но не использована
C:\Users\quqve\OneDrive\Рабочий стол\Progs\GRAPHICAPP\Slider.cpp(87,6): warning C4189: mx: локальная переменная инициализирована, но не использована
C:\Users\quqve\OneDrive\Рабочий стол\Progs\GRAPHICAPP\Slider.cpp(163,9): warning C4244: инициализация: преобразование "double" в "int", возможна потеря данных
C:\Users\quqve\OneDrive\Рабочий стол\Progs\GRAPHICAPP\Slider.cpp(164,9): warning C4244: инициализация: преобразование "double" в "int", возможна потеря данных
C:\Users\quqve\OneDrive\Рабочий стол\Progs\GRAPHICAPP\Slider.cpp(173,13): warning C4244: =: преобразование "double" в "int", возможна потеря данных
C:\Users\quqve\OneDrive\Рабочий стол\Progs\GRAPHICAPP\DLLManager.cpp(43,43): warning C4244: =: преобразование "intptr_t" в "int", возможна потеря данных
C:\Users\quqve\OneDrive\Рабочий стол\Progs\GRAPHICAPP\DLLManager.cpp(59,43): warning C4311: приведение типов: усечение указателя из "HMODULE" в "int"
C:\Users\quqve\OneDrive\Рабочий стол\Progs\GRAPHICAPP\DLLManager.cpp(59,43): warning C4302: приведение типов: усечение из "HMODULE" к "int"
C:\Users\quqve\OneDrive\Рабочий стол\Progs\GRAPHICAPP\DLLManager.cpp(59,17): warning C4804: *=: небезопасное использование типа "bool" в операции
C:\Users\quqve\OneDrive\Рабочий стол\Progs\GRAPHICAPP\DLLManager.cpp(66,35): warning C4311: приведение типов: усечение указателя из "HMODULE" в "int"
C:\Users\quqve\OneDrive\Рабочий стол\Progs\GRAPHICAPP\DLLManager.cpp(66,35): warning C4302: приведение типов: усечение из "HMODULE" к "int"
C:\Users\quqve\OneDrive\Рабочий стол\Progs\GRAPHICAPP\DLLManager.cpp(66,13): warning C4804: *=: небезопасное использование типа "bool" в операции
C:\Users\quqve\OneDrive\Рабочий стол\Progs\GRAPHICAPP\DLLFiltersManager.cpp(20,9): warning C4456: объявление "i" скрывает предыдущее локальное объявление
C:\Users\quqve\OneDrive\Рабочий стол\Progs\GRAPHICAPP\DLLFiltersManager.cpp(14,14): message : см. объявление "i"
C:\Users\quqve\OneDrive\Рабочий стол\Progs\GRAPHICAPP\MainTools.cpp(37,43): warning C4100: data: неиспользованный формальный параметр
C:\Users\quqve\OneDrive\Рабочий стол\Progs\GRAPHICAPP\MainTools.cpp(41,13): warning C4189: outDC: локальная переменная инициализирована, но не использована
C:\Users\quqve\OneDrive\Рабочий стол\Progs\GRAPHICAPP\PowerPoint.cpp(206,93): warning C4100: _text: неиспользованный формальный параметр
C:\Users\quqve\OneDrive\Рабочий стол\Progs\GRAPHICAPP\PowerPoint.cpp(227,33): warning C4100: _NewCanvasDC: неиспользованный формальный параметр
C:\Users\quqve\OneDrive\Рабочий стол\Progs\GRAPHICAPP\PowerPoint.cpp(254,15): warning C4244: инициализация: преобразование "double" в "int", возможна потеря данных
C:\Users\quqve\OneDrive\Рабочий стол\Progs\GRAPHICAPP\PowerPoint.cpp(280,32): warning C4244: инициализация: преобразование "double" в "int", возможна потеря данных
C:\Users\quqve\OneDrive\Рабочий стол\Progs\GRAPHICAPP\PowerPoint.cpp(535,26): warning C4100: argv: неиспользованный формальный параметр
C:\Users\quqve\OneDrive\Рабочий стол\Progs\GRAPHICAPP\PowerPoint.cpp(535,15): warning C4100: argc: неиспользованный формальный параметр
C:\Users\quqve\OneDrive\Рабочий стол\Progs\GRAPHICAPP\PowerPoint.cpp(741,23): warning C4018: <: несоответствие типов со знаком и без знака
C:\Users\quqve\OneDrive\Рабочий стол\Progs\GRAPHICAPP\PowerPoint.cpp(806,16): warning C4244: =: преобразование "double" в "int", возможна потеря данных
C:\Users\quqve\OneDrive\Рабочий стол\Progs\GRAPHICAPP\PowerPoint.cpp(811,18): warning C4458: объявление "text" скрывает член класса
C:\Users\quqve\OneDrive\Рабочий стол\Progs\GRAPHICAPP\DrawBibliothek.h(69,14): message : см. объявление "Window::text"
C:\Users\quqve\OneDrive\Рабочий стол\Progs\GRAPHICAPP\PowerPoint.cpp(830,48): warning C4458: объявление "dc" скрывает член класса
C:\Users\quqve\OneDrive\Рабочий стол\Progs\GRAPHICAPP\DrawBibliothek.h(75,6): message : см. объявление "Window::dc"
C:\Users\quqve\OneDrive\Рабочий стол\Progs\GRAPHICAPP\PowerPoint.cpp(830,75): warning C4458: объявление "text" скрывает член класса
C:\Users\quqve\OneDrive\Рабочий стол\Progs\GRAPHICAPP\DrawBibliothek.h(69,14): message : см. объявление "Window::text"
C:\Users\quqve\OneDrive\Рабочий стол\Progs\GRAPHICAPP\PowerPoint.cpp(866,35): warning C4100: mp: неиспользованный формальный параметр
C:\Users\quqve\OneDrive\Рабочий стол\Progs\GRAPHICAPP\PowerPoint.cpp(911,9): warning C4244: инициализация: преобразование "double" в "int", возможна потеря данных
C:\Users\quqve\OneDrive\Рабочий стол\Progs\GRAPHICAPP\PowerPoint.cpp(912,9): warning C4244: инициализация: преобразование "double" в "int", возможна потеря данных
C:\Users\quqve\OneDrive\Рабочий стол\Progs\GRAPHICAPP\PowerPoint.cpp(953,22): warning C4244: инициализация: преобразование "double" в "int", возможна потеря данных
C:\Users\quqve\OneDrive\Рабочий стол\Progs\GRAPHICAPP\PowerPoint.cpp(953,6): warning C4189: numBeforeSlider: локальная переменная инициализирована, но не использована
C:\Users\quqve\OneDrive\Рабочий стол\Progs\GRAPHICAPP\PowerPoint.cpp(966,9): warning C4244: инициализация: преобразование "double" в "int", возможна потеря данных
C:\Users\quqve\OneDrive\Рабочий стол\Progs\GRAPHICAPP\PowerPoint.cpp(967,9): warning C4244: инициализация: преобразование "double" в "int", возможна потеря данных
C:\Users\quqve\OneDrive\Рабочий стол\Progs\GRAPHICAPP\PowerPoint.cpp(1017,23): warning C4244: инициализация: преобразование "double" в "int", возможна потеря данных
C:\Users\quqve\OneDrive\Рабочий стол\Progs\GRAPHICAPP\PowerPoint.cpp(964,33): warning C4100: mp: неиспользованный формальный параметр
C:\Users\quqve\OneDrive\Рабочий стол\Progs\GRAPHICAPP\PowerPoint.cpp(1017,7): warning C4189: numBeforeSlider: локальная переменная инициализирована, но не использована
C:\Users\quqve\OneDrive\Рабочий стол\Progs\GRAPHICAPP\PowerPoint.cpp(1016,8): warning C4189: changeTextLen: локальная переменная инициализирована, но не использована
C:\Users\quqve\OneDrive\Рабочий стол\Progs\GRAPHICAPP\PowerPoint.cpp(1096,18): warning C4244: инициализация: преобразование "double" в "int", возможна потеря данных
C:\Users\quqve\OneDrive\Рабочий стол\Progs\GRAPHICAPP\PowerPoint.cpp(1116,12): warning C4244: инициализация: преобразование "double" в "int", возможна потеря данных
C:\Users\quqve\OneDrive\Рабочий стол\Progs\GRAPHICAPP\PowerPoint.cpp(1135,7): warning C4189: deleteChar: локальная переменная инициализирована, но не использована
C:\Users\quqve\OneDrive\Рабочий стол\Progs\GRAPHICAPP\PowerPoint.cpp(1134,7): warning C4189: isShifted: локальная переменная инициализирована, но не использована
C:\Users\quqve\OneDrive\Рабочий стол\Progs\GRAPHICAPP\PowerPoint.cpp(1210,24): warning C4244: +=: преобразование "double" в "int", возможна потеря данных
C:\Users\quqve\OneDrive\Рабочий стол\Progs\GRAPHICAPP\PowerPoint.cpp(1226,31): warning C4244: =: преобразование "int" в "char", возможна потеря данных
C:\Users\quqve\OneDrive\Рабочий стол\Progs\GRAPHICAPP\PowerPoint.cpp(1281,7): warning C4189: copyChar: локальная переменная инициализирована, но не использована
C:\Users\quqve\OneDrive\Рабочий стол\Progs\GRAPHICAPP\PowerPoint.cpp(1298,35): warning C4100: mp: неиспользованный формальный параметр
C:\Users\quqve\OneDrive\Рабочий стол\Progs\GRAPHICAPP\PowerPoint.cpp(1390,18): warning C4458: объявление "text" скрывает член класса
C:\Users\quqve\OneDrive\Рабочий стол\Progs\GRAPHICAPP\DrawBibliothek.h(69,14): message : см. объявление "Window::text"
C:\Users\quqve\OneDrive\Рабочий стол\Progs\GRAPHICAPP\PowerPoint.cpp(1505,9): warning C4244: инициализация: преобразование "double" в "int", возможна потеря данных
C:\Users\quqve\OneDrive\Рабочий стол\Progs\GRAPHICAPP\PowerPoint.cpp(1506,9): warning C4244: инициализация: преобразование "double" в "int", возможна потеря данных
C:\Users\quqve\OneDrive\Рабочий стол\Progs\GRAPHICAPP\PowerPoint.cpp(1506,6): warning C4189: my: локальная переменная инициализирована, но не использована
C:\Users\quqve\OneDrive\Рабочий стол\Progs\GRAPHICAPP\PowerPoint.cpp(1505,6): warning C4189: mx: локальная переменная инициализирована, но не использована
C:\Users\quqve\OneDrive\Рабочий стол\Progs\GRAPHICAPP\PowerPoint.cpp(1541,12): warning C4244: инициализация: преобразование "time_t" в "int", возможна потеря данных
C:\Users\quqve\OneDrive\Рабочий стол\Progs\GRAPHICAPP\PowerPoint.cpp(1542,14): warning C4244: инициализация: преобразование "time_t" в "int", возможна потеря данных
C:\Users\quqve\OneDrive\Рабочий стол\Progs\GRAPHICAPP\PowerPoint.cpp(1543,14): warning C4244: инициализация: преобразование "time_t" в "int", возможна потеря данных
C:\Users\quqve\OneDrive\Рабочий стол\Progs\GRAPHICAPP\PowerPoint.cpp(1762,12): warning C4244: инициализация: преобразование "double" в "int", возможна потеря данных
C:\Users\quqve\OneDrive\Рабочий стол\Progs\GRAPHICAPP\PowerPoint.cpp(1763,12): warning C4244: инициализация: преобразование "double" в "int", возможна потеря данных
C:\Users\quqve\OneDrive\Рабочий стол\Progs\GRAPHICAPP\PowerPoint.cpp(1774,24): warning C4805: ==: небезопасное смешение типа "int" и типа "bool" в операции
C:\Users\quqve\OneDrive\Рабочий стол\Progs\GRAPHICAPP\PowerPoint.cpp(1763,9): warning C4189: my: локальная переменная инициализирована, но не использована
C:\Users\quqve\OneDrive\Рабочий стол\Progs\GRAPHICAPP\PowerPoint.cpp(1762,9): warning C4189: mx: локальная переменная инициализирована, но не использована
C:\Users\quqve\OneDrive\Рабочий стол\Progs\GRAPHICAPP\PowerPoint.cpp(1999,34): warning C4100: mp: неиспользованный формальный параметр
C:\Users\quqve\OneDrive\Рабочий стол\Progs\GRAPHICAPP\PowerPoint.cpp(2011,35): warning C4100: mp: неиспользованный формальный параметр
C:\Users\quqve\OneDrive\Рабочий стол\Progs\GRAPHICAPP\PowerPoint.cpp(2185,43): warning C4244: =: преобразование "double" в "BYTE", возможна потеря данных
C:\Users\quqve\OneDrive\Рабочий стол\Progs\GRAPHICAPP\PowerPoint.cpp(2186,47): warning C4244: =: преобразование "double" в "BYTE", возможна потеря данных
C:\Users\quqve\OneDrive\Рабочий стол\Progs\GRAPHICAPP\PowerPoint.cpp(2187,45): warning C4244: =: преобразование "double" в "BYTE", возможна потеря данных
C:\Users\quqve\OneDrive\Рабочий стол\Progs\GRAPHICAPP\PowerPoint.cpp(2352,16): warning C4244: инициализация: преобразование "double" в "int", возможна потеря данных
C:\Users\quqve\OneDrive\Рабочий стол\Progs\GRAPHICAPP\PowerPoint.cpp(2353,16): warning C4244: инициализация: преобразование "double" в "int", возможна потеря данных
C:\Users\quqve\OneDrive\Рабочий стол\Progs\GRAPHICAPP\PowerPoint.cpp(2416,35): warning C4100: mp: неиспользованный формальный параметр
C:\Users\quqve\OneDrive\Рабочий стол\Progs\GRAPHICAPP\PowerPoint.cpp(2423,35): warning C4100: mp: неиспользованный формальный параметр
C:\Users\quqve\OneDrive\Рабочий стол\Progs\GRAPHICAPP\PowerPoint.cpp(2432,23): warning C4018: <: несоответствие типов со знаком и без знака
C:\Users\quqve\OneDrive\Рабочий стол\Progs\GRAPHICAPP\DrawBibliothek.cpp(128): warning C4172: возвращение адреса локальной или временной переменной : fileName
  RingsProject.vcxproj -> C:\Users\quqve\OneDrive\Рабочий стол\Progs\GRAPHICAPP\x64\Debug\RingsProject.exe
