  dllmain.cpp
C:\Users\quqve\OneDrive\Рабочий стол\Progs\GRAPHICAPP\Q_Rect.h(61,50): warning C4554: "^": проверьте приоритет операторов на ошибки; для уточнения приоритета используйте скобки
C:\Users\quqve\OneDrive\Рабочий стол\Progs\GRAPHICAPP\Q_Rect.h(63,54): warning C4554: "^": проверьте приоритет операторов на ошибки; для уточнения приоритета используйте скобки
C:\Users\quqve\OneDrive\Рабочий стол\Progs\GRAPHICAPP\Tool.h(83,45): warning C4100: dc: неиспользованный формальный параметр
C:\Users\quqve\OneDrive\Рабочий стол\Progs\GRAPHICAPP\Tool.h(83,32): warning C4100: toollay: неиспользованный формальный параметр
C:\Users\quqve\OneDrive\Рабочий стол\Progs\GRAPHICAPP\DrawBibliothek.h(122,31): warning C4100: mp: неиспользованный формальный параметр
C:\Users\quqve\OneDrive\Рабочий стол\Progs\GRAPHICAPP\Tool.cpp(29,74): warning C4244: аргумент: преобразование "double" в "int", возможна потеря данных
C:\Users\quqve\OneDrive\Рабочий стол\Progs\GRAPHICAPP\Tool.cpp(38,77): warning C4244: аргумент: преобразование "double" в "int", возможна потеря данных
C:\Users\quqve\OneDrive\Рабочий стол\Progs\GRAPHICAPP\Tool.cpp(43,92): warning C4244: аргумент: преобразование "double" в "int", возможна потеря данных
C:\Users\quqve\OneDrive\Рабочий стол\Progs\GRAPHICAPP\Tool.cpp(52,39): warning C4100: dc: неиспользованный формальный параметр
C:\Users\quqve\OneDrive\Рабочий стол\Progs\GRAPHICAPP\Tool.cpp(52,26): warning C4100: toollay: неиспользованный формальный параметр
C:\Users\quqve\OneDrive\Рабочий стол\Progs\GRAPHICAPP\DLLTools\dllmain.cpp(7,31): warning C4100: lpReserved: неиспользованный формальный параметр
C:\Users\quqve\OneDrive\Рабочий стол\Progs\GRAPHICAPP\DLLTools\dllmain.cpp(5,32): warning C4100: hModule: неиспользованный формальный параметр
C:\Users\quqve\OneDrive\Рабочий стол\Progs\GRAPHICAPP\DLLTools\dllmain.cpp(58,43): warning C4100: dc: неиспользованный формальный параметр
C:\Users\quqve\OneDrive\Рабочий стол\Progs\GRAPHICAPP\DLLTools\dllmain.cpp(58,30): warning C4100: toollay: неиспользованный формальный параметр
C:\Users\quqve\OneDrive\Рабочий стол\Progs\GRAPHICAPP\DLLTools\dllmain.cpp(64,58): warning C4100: output: неиспользованный формальный параметр
C:\Users\quqve\OneDrive\Рабочий стол\Progs\GRAPHICAPP\DLLTools\dllmain.cpp(64,47): warning C4100: lay: неиспользованный формальный параметр
C:\Users\quqve\OneDrive\Рабочий стол\Progs\GRAPHICAPP\DLLTools\dllmain.cpp(64,32): warning C4100: data: неиспользованный формальный параметр
C:\Users\quqve\OneDrive\Рабочий стол\Progs\GRAPHICAPP\DLLTools\dllmain.cpp(107,36): warning C4244: =: преобразование "double" в "int", возможна потеря данных
C:\Users\quqve\OneDrive\Рабочий стол\Progs\GRAPHICAPP\DLLTools\dllmain.cpp(171,36): warning C4244: =: преобразование "double" в "int", возможна потеря данных
C:\Users\quqve\OneDrive\Рабочий стол\Progs\GRAPHICAPP\DLLTools\dllmain.cpp(209,58): warning C4100: output: неиспользованный формальный параметр
C:\Users\quqve\OneDrive\Рабочий стол\Progs\GRAPHICAPP\DLLTools\dllmain.cpp(209,47): warning C4100: lay: неиспользованный формальный параметр
C:\Users\quqve\OneDrive\Рабочий стол\Progs\GRAPHICAPP\DLLTools\dllmain.cpp(209,32): warning C4100: data: неиспользованный формальный параметр
C:\Users\quqve\OneDrive\Рабочий стол\Progs\GRAPHICAPP\DLLTools\dllmain.cpp(242,40): warning C4100: dc: неиспользованный формальный параметр
C:\Users\quqve\OneDrive\Рабочий стол\Progs\GRAPHICAPP\DLLTools\dllmain.cpp(242,27): warning C4100: toollay: неиспользованный формальный параметр
C:\Users\quqve\OneDrive\Рабочий стол\Progs\GRAPHICAPP\DLLTools\dllmain.cpp(275,36): warning C4244: =: преобразование "double" в "int", возможна потеря данных
C:\Users\quqve\OneDrive\Рабочий стол\Progs\GRAPHICAPP\DLLTools\dllmain.cpp(329,15): warning C4189: toolDate: локальная переменная инициализирована, но не использована
  DLLTools.vcxproj -> C:\Users\quqve\OneDrive\Рабочий стол\Progs\GRAPHICAPP\x64\Debug\DLLTools.tool
