  TXWaveExample.cpp
  PowerPoint.cpp
C:\Users\Алехандро\Desktop\AlexProjects\GRAPHICAPP\Q_Vector.h(65,14): error C7555: use of designated initializers requires at least '/std:c++latest'
C:\Users\Алехандро\Desktop\AlexProjects\GRAPHICAPP\Q_Vector.h(92,13): error C7555: use of designated initializers requires at least '/std:c++latest'
C:\Users\Алехандро\Desktop\AlexProjects\GRAPHICAPP\PowerPoint.cpp(402,34): error C7555: use of designated initializers requires at least '/std:c++latest'
C:\Users\Алехандро\Desktop\AlexProjects\GRAPHICAPP\PowerPoint.cpp(404,35): error C7555: use of designated initializers requires at least '/std:c++latest'
C:\Users\Алехандро\Desktop\AlexProjects\GRAPHICAPP\PowerPoint.cpp(407,31): error C7555: use of designated initializers requires at least '/std:c++latest'
C:\Users\Алехандро\Desktop\AlexProjects\GRAPHICAPP\PowerPoint.cpp(410,40): error C7555: use of designated initializers requires at least '/std:c++latest'
C:\Users\Алехандро\Desktop\AlexProjects\GRAPHICAPP\PowerPoint.cpp(413,45): error C7555: use of designated initializers requires at least '/std:c++latest'
C:\Users\Алехандро\Desktop\AlexProjects\GRAPHICAPP\PowerPoint.cpp(416,46): error C7555: use of designated initializers requires at least '/std:c++latest'
C:\Users\Алехандро\Desktop\AlexProjects\GRAPHICAPP\PowerPoint.cpp(419,47): error C7555: use of designated initializers requires at least '/std:c++latest'
C:\Users\Алехандро\Desktop\AlexProjects\GRAPHICAPP\PowerPoint.cpp(422,47): error C7555: use of designated initializers requires at least '/std:c++latest'
C:\Users\Алехандро\Desktop\AlexProjects\GRAPHICAPP\PowerPoint.cpp(429,46): error C7555: use of designated initializers requires at least '/std:c++latest'
C:\Users\Алехандро\Desktop\AlexProjects\GRAPHICAPP\PowerPoint.cpp(432,46): error C7555: use of designated initializers requires at least '/std:c++latest'
C:\Users\Алехандро\Desktop\AlexProjects\GRAPHICAPP\PowerPoint.cpp(435,44): error C7555: use of designated initializers requires at least '/std:c++latest'
C:\Users\Алехандро\Desktop\AlexProjects\GRAPHICAPP\PowerPoint.cpp(463,32): error C7555: use of designated initializers requires at least '/std:c++latest'
C:\Users\Алехандро\Desktop\AlexProjects\GRAPHICAPP\PowerPoint.cpp(463,76): error C7555: use of designated initializers requires at least '/std:c++latest'
C:\Users\Алехандро\Desktop\AlexProjects\GRAPHICAPP\PowerPoint.cpp(463,120): error C7555: use of designated initializers requires at least '/std:c++latest'
C:\Users\Алехандро\Desktop\AlexProjects\GRAPHICAPP\PowerPoint.cpp(463,164): error C7555: use of designated initializers requires at least '/std:c++latest'
C:\Users\Алехандро\Desktop\AlexProjects\GRAPHICAPP\PowerPoint.cpp(463,208): error C7555: use of designated initializers requires at least '/std:c++latest'
C:\Users\Алехандро\Desktop\AlexProjects\GRAPHICAPP\PowerPoint.cpp(470,23): warning C4018: '<': signed/unsigned mismatch
C:\Users\Алехандро\Desktop\AlexProjects\GRAPHICAPP\PowerPoint.cpp(508,9): warning C4244: 'initializing': conversion from 'double' to 'int', possible loss of data
C:\Users\Алехандро\Desktop\AlexProjects\GRAPHICAPP\PowerPoint.cpp(509,9): warning C4244: 'initializing': conversion from 'double' to 'int', possible loss of data
C:\Users\Алехандро\Desktop\AlexProjects\GRAPHICAPP\PowerPoint.cpp(585,9): warning C4244: 'initializing': conversion from 'double' to 'int', possible loss of data
C:\Users\Алехандро\Desktop\AlexProjects\GRAPHICAPP\PowerPoint.cpp(586,9): warning C4244: 'initializing': conversion from 'double' to 'int', possible loss of data
C:\Users\Алехандро\Desktop\AlexProjects\GRAPHICAPP\PowerPoint.cpp(794,50): warning C4244: '+=': conversion from 'double' to 'int', possible loss of data
C:\Users\Алехандро\Desktop\AlexProjects\GRAPHICAPP\PowerPoint.cpp(811,31): warning C4244: '=': conversion from 'int' to 'char', possible loss of data
C:\Users\Алехандро\Desktop\AlexProjects\GRAPHICAPP\PowerPoint.cpp(1055,12): warning C4244: 'initializing': conversion from 'time_t' to 'int', possible loss of data
C:\Users\Алехандро\Desktop\AlexProjects\GRAPHICAPP\PowerPoint.cpp(1056,14): warning C4244: 'initializing': conversion from 'time_t' to 'int', possible loss of data
C:\Users\Алехандро\Desktop\AlexProjects\GRAPHICAPP\PowerPoint.cpp(1057,14): warning C4244: 'initializing': conversion from 'time_t' to 'int', possible loss of data
C:\Users\Алехандро\Desktop\AlexProjects\GRAPHICAPP\PowerPoint.cpp(1175,10): warning C4244: 'initializing': conversion from 'double' to 'int', possible loss of data
C:\Users\Алехандро\Desktop\AlexProjects\GRAPHICAPP\PowerPoint.cpp(1201,10): warning C4244: 'initializing': conversion from 'double' to 'int', possible loss of data
C:\Users\Алехандро\Desktop\AlexProjects\GRAPHICAPP\PowerPoint.cpp(1202,10): warning C4244: 'initializing': conversion from 'double' to 'int', possible loss of data
C:\Users\Алехандро\Desktop\AlexProjects\GRAPHICAPP\PowerPoint.cpp(1203,16): error C7555: use of designated initializers requires at least '/std:c++latest'
